2019-07-24T04:33:49.785040Z 0 [System] [MY-010116] [Server] C:\AppServ\MySQL\bin\mysqld (mysqld 8.0.17) starting as process 11148
2019-07-24T04:33:51.226362Z 0 [Warning] [MY-010068] [Server] CA certificate ca.pem is self signed.
2019-07-24T04:33:51.259491Z 0 [System] [MY-010931] [Server] C:\AppServ\MySQL\bin\mysqld: ready for connections. Version: '8.0.17'  socket: ''  port: 3306  MySQL Community Server - GPL.
2019-07-24T04:33:51.467508Z 0 [System] [MY-011323] [Server] X Plugin ready for connections. Bind-address: '::' port: 33060
2019-07-24T04:36:02.411584Z 11 [Warning] [MY-013360] [Server] Plugin sha256_password reported: ''sha256_password' is deprecated and will be removed in a future release. Please use caching_sha2_password instead'
2019-07-24T04:38:34.324856Z 0 [System] [MY-013105] [Server] C:\AppServ\MySQL\bin\mysqld: Normal shutdown.
2019-07-24T04:38:34.588565Z 0 [System] [MY-010910] [Server] C:\AppServ\MySQL\bin\mysqld: Shutdown complete (mysqld 8.0.17)  MySQL Community Server - GPL.
2019-07-24T08:05:36.864177Z 0 [System] [MY-010116] [Server] C:\AppServ\MySQL\bin\mysqld (mysqld 8.0.17) starting as process 13144
2019-07-24T08:05:38.188969Z 0 [Warning] [MY-010068] [Server] CA certificate ca.pem is self signed.
2019-07-24T08:05:38.212699Z 0 [System] [MY-010931] [Server] C:\AppServ\MySQL\bin\mysqld: ready for connections. Version: '8.0.17'  socket: ''  port: 3306  MySQL Community Server - GPL.
2019-07-24T08:05:38.230588Z 0 [System] [MY-011323] [Server] X Plugin ready for connections. Bind-address: '::' port: 33060
2019-07-24T08:08:05.050156Z 0 [System] [MY-013105] [Server] C:\AppServ\MySQL\bin\mysqld: Normal shutdown.
2019-07-24T08:08:05.598166Z 0 [System] [MY-010910] [Server] C:\AppServ\MySQL\bin\mysqld: Shutdown complete (mysqld 8.0.17)  MySQL Community Server - GPL.
2023-02-18T02:43:04.088214Z 0 [System] [MY-010116] [Server] C:\AppServ\MySQL\bin\mysqld (mysqld 8.0.17) starting as process 4296
2023-02-18T02:43:06.013933Z 0 [Warning] [MY-010068] [Server] CA certificate ca.pem is self signed.
2023-02-18T02:43:06.052952Z 0 [System] [MY-010931] [Server] C:\AppServ\MySQL\bin\mysqld: ready for connections. Version: '8.0.17'  socket: ''  port: 3306  MySQL Community Server - GPL.
2023-02-18T02:43:06.119895Z 0 [System] [MY-011323] [Server] X Plugin ready for connections. Bind-address: '::' port: 33060
2023-02-18T02:43:07.112547Z 9 [System] [MY-013172] [Server] Received SHUTDOWN from user root. Shutting down mysqld (Version: 8.0.17).
2023-02-18T02:43:07.113521Z 0 [System] [MY-013105] [Server] C:\AppServ\MySQL\bin\mysqld: Normal shutdown.
2023-02-18T02:43:08.060460Z 0 [System] [MY-010910] [Server] C:\AppServ\MySQL\bin\mysqld: Shutdown complete (mysqld 8.0.17)  MySQL Community Server - GPL.
2023-02-18T02:43:19.541830Z 0 [System] [MY-010116] [Server] C:\AppServ\MySQL\bin\mysqld (mysqld 8.0.17) starting as process 3844
2023-02-18T02:43:21.040068Z 0 [Warning] [MY-010068] [Server] CA certificate ca.pem is self signed.
2023-02-18T02:43:21.069211Z 0 [System] [MY-010931] [Server] C:\AppServ\MySQL\bin\mysqld: ready for connections. Version: '8.0.17'  socket: ''  port: 3306  MySQL Community Server - GPL.
2023-02-18T02:43:21.080380Z 0 [System] [MY-011323] [Server] X Plugin ready for connections. Bind-address: '::' port: 33060
2023-03-05T01:14:12.117976Z 0 [System] [MY-010116] [Server] C:\AppServ\MySQL\bin\mysqld (mysqld 8.0.17) starting as process 5656
2023-03-05T01:14:13.519668Z 0 [System] [MY-010229] [Server] Starting crash recovery...
2023-03-05T01:14:13.524358Z 0 [System] [MY-010232] [Server] Crash recovery finished.
2023-03-05T01:14:14.391596Z 0 [Warning] [MY-010068] [Server] CA certificate ca.pem is self signed.
2023-03-05T01:14:14.433699Z 0 [System] [MY-010931] [Server] C:\AppServ\MySQL\bin\mysqld: ready for connections. Version: '8.0.17'  socket: ''  port: 3306  MySQL Community Server - GPL.
2023-03-05T01:14:14.491913Z 0 [System] [MY-011323] [Server] X Plugin ready for connections. Bind-address: '::' port: 33060
2023-03-15T10:15:56.303063Z 0 [System] [MY-013105] [Server] C:\AppServ\MySQL\bin\mysqld: Normal shutdown.
2023-03-15T10:15:57.535811Z 0 [System] [MY-010910] [Server] C:\AppServ\MySQL\bin\mysqld: Shutdown complete (mysqld 8.0.17)  MySQL Community Server - GPL.
2023-03-15T10:16:35.492162Z 0 [System] [MY-010116] [Server] C:\AppServ\MySQL\bin\mysqld (mysqld 8.0.17) starting as process 4680
2023-03-15T10:16:37.584315Z 0 [Warning] [MY-010068] [Server] CA certificate ca.pem is self signed.
2023-03-15T10:16:37.629265Z 0 [System] [MY-010931] [Server] C:\AppServ\MySQL\bin\mysqld: ready for connections. Version: '8.0.17'  socket: ''  port: 3306  MySQL Community Server - GPL.
2023-03-15T10:16:37.768788Z 0 [System] [MY-011323] [Server] X Plugin ready for connections. Bind-address: '::' port: 33060
2023-03-21T18:58:31.602331Z 0 [System] [MY-013105] [Server] C:\AppServ\MySQL\bin\mysqld: Normal shutdown.
2023-03-21T18:58:32.655591Z 0 [System] [MY-010910] [Server] C:\AppServ\MySQL\bin\mysqld: Shutdown complete (mysqld 8.0.17)  MySQL Community Server - GPL.
2023-03-21T18:59:05.456710Z 0 [System] [MY-010116] [Server] C:\AppServ\MySQL\bin\mysqld (mysqld 8.0.17) starting as process 5760
2023-03-21T18:59:07.680269Z 0 [Warning] [MY-010068] [Server] CA certificate ca.pem is self signed.
2023-03-21T18:59:07.722840Z 0 [System] [MY-010931] [Server] C:\AppServ\MySQL\bin\mysqld: ready for connections. Version: '8.0.17'  socket: ''  port: 3306  MySQL Community Server - GPL.
2023-03-21T18:59:07.858962Z 0 [System] [MY-011323] [Server] X Plugin ready for connections. Bind-address: '::' port: 33060
2023-03-27T20:42:59.870810Z 0 [System] [MY-013105] [Server] C:\AppServ\MySQL\bin\mysqld: Normal shutdown.
2023-03-27T20:43:01.126175Z 0 [System] [MY-010910] [Server] C:\AppServ\MySQL\bin\mysqld: Shutdown complete (mysqld 8.0.17)  MySQL Community Server - GPL.
2023-03-27T20:43:38.420100Z 0 [System] [MY-010116] [Server] C:\AppServ\MySQL\bin\mysqld (mysqld 8.0.17) starting as process 5976
2023-03-27T20:43:41.601249Z 0 [Warning] [MY-010068] [Server] CA certificate ca.pem is self signed.
2023-03-27T20:43:41.681840Z 0 [System] [MY-010931] [Server] C:\AppServ\MySQL\bin\mysqld: ready for connections. Version: '8.0.17'  socket: ''  port: 3306  MySQL Community Server - GPL.
2023-03-27T20:43:41.761412Z 0 [System] [MY-011323] [Server] X Plugin ready for connections. Bind-address: '::' port: 33060
